C:\Users\nicla\source\repos\CampusBokningsSystem\CampusBokningsSystem\AngularClient\dist\out-tsc\app\app.component.js
C:\Users\nicla\source\repos\CampusBokningsSystem\CampusBokningsSystem\AngularClient\dist\out-tsc\app\app.component.js.map
C:\Users\nicla\source\repos\CampusBokningsSystem\CampusBokningsSystem\AngularClient\dist\out-tsc\app\info.component.js
C:\Users\nicla\source\repos\CampusBokningsSystem\CampusBokningsSystem\AngularClient\dist\out-tsc\app\info.component.js.map
C:\Users\nicla\source\repos\CampusBokningsSystem\CampusBokningsSystem\AngularClient\dist\out-tsc\app\services\search\iconsList.service.js
C:\Users\nicla\source\repos\CampusBokningsSystem\CampusBokningsSystem\AngularClient\dist\out-tsc\app\services\search\iconsList.service.js.map
C:\Users\nicla\source\repos\CampusBokningsSystem\CampusBokningsSystem\AngularClient\dist\out-tsc\app\services\testdata.service.js
C:\Users\nicla\source\repos\CampusBokningsSystem\CampusBokningsSystem\AngularClient\dist\out-tsc\app\services\testdata.service.js.map
C:\Users\nicla\source\repos\CampusBokningsSystem\CampusBokningsSystem\AngularClient\dist\out-tsc\app\view\search\search.component.js
C:\Users\nicla\source\repos\CampusBokningsSystem\CampusBokningsSystem\AngularClient\dist\out-tsc\app\view\search\search.component.js.map
C:\Users\nicla\source\repos\CampusBokningsSystem\CampusBokningsSystem\AngularClient\dist\out-tsc\app\app.module.js
C:\Users\nicla\source\repos\CampusBokningsSystem\CampusBokningsSystem\AngularClient\dist\out-tsc\app\app.module.js.map
C:\Users\nicla\source\repos\CampusBokningsSystem\CampusBokningsSystem\AngularClient\dist\out-tsc\environments\environment.js
C:\Users\nicla\source\repos\CampusBokningsSystem\CampusBokningsSystem\AngularClient\dist\out-tsc\environments\environment.js.map
C:\Users\nicla\source\repos\CampusBokningsSystem\CampusBokningsSystem\AngularClient\dist\out-tsc\main.js
C:\Users\nicla\source\repos\CampusBokningsSystem\CampusBokningsSystem\AngularClient\dist\out-tsc\main.js.map
C:\Users\nicla\source\repos\CampusBokningsSystem\CampusBokningsSystem\AngularClient\dist\out-tsc\polyfills.js
C:\Users\nicla\source\repos\CampusBokningsSystem\CampusBokningsSystem\AngularClient\dist\out-tsc\polyfills.js.map
C:\Users\nicla\source\repos\CampusBokningsSystem\CampusBokningsSystem\AngularClient\dist\out-tsc\app\view\DigitalClock\clock.component.js
C:\Users\nicla\source\repos\CampusBokningsSystem\CampusBokningsSystem\AngularClient\dist\out-tsc\app\view\DigitalClock\clock.component.js.map
C:\Users\nicla\source\repos\CampusBokningsSystem\CampusBokningsSystem\AngularClient\dist\out-tsc\environments\environment.prod.js
C:\Users\nicla\source\repos\CampusBokningsSystem\CampusBokningsSystem\AngularClient\dist\out-tsc\environments\environment.prod.js.map
